#
# A fatal error has been detected by the Java Runtime Environment:
#
#  EXCEPTION_ACCESS_VIOLATION (0xc0000005) at pc=0x00007ffb4b02b5d9, pid=26036, tid=20304
#
# JRE version: Java(TM) SE Runtime Environment (12.0.2+10) (build 12.0.2+10)
# Java VM: Java HotSpot(TM) 64-Bit Server VM (12.0.2+10, mixed mode, sharing, tiered, compressed oops, g1 gc, windows-amd64)
# Problematic frame:
# V  [jvm.dll+0x25b5d9]
#
# No core dump will be written. Minidumps are not enabled by default on client versions of Windows
#
# If you would like to submit a bug report, please visit:
#   http://bugreport.java.com/bugreport/crash.jsp
#

---------------  S U M M A R Y ------------

Command Line: -agentlib:jdwp=transport=dt_socket,suspend=y,address=localhost:55192 -ea -javaagent:D:\java-2019-09\eclipse\configuration\org.eclipse.osgi\229\0\.cp\lib\javaagent-shaded.jar -Dfile.encoding=Cp1252 org.eclipse.jdt.internal.junit.runner.RemoteTestRunner -version 3 -port 55191 -testLoaderClass org.eclipse.jdt.internal.junit5.runner.JUnit5TestLoader -loaderpluginname org.eclipse.jdt.junit5.runtime -classNames com.gildedrose.GildedRoseTest

Host: Intel(R) Core(TM) i7-7700HQ CPU @ 2.80GHz, 8 cores, 15G,  Windows 10 , 64 bit Build 19041 (10.0.19041.1151)
Time: Sun Sep 19 17:57:36 2021 Romance Daylight Time elapsed time: 586 seconds (0d 0h 9m 46s)

---------------  T H R E A D  ---------------

Current thread (0x000002b6c027c800):  VMThread "VM Thread" [stack: 0x000000d488b00000,0x000000d488c00000] [id=20304]

Stack: [0x000000d488b00000,0x000000d488c00000],  sp=0x000000d488bfee28,  free space=1019k
Native frames: (J=compiled Java code, j=interpreted, Vv=VM code, C=native code)
V  [jvm.dll+0x25b5d9]


siginfo: EXCEPTION_ACCESS_VIOLATION (0xc0000005), reading address 0x000002b6c0978390


Register to memory mapping:

RIP=0x00007ffb4b02b5d9 jvm.dll
RAX=0x00000000001940a0 is an unknown value
RBX=0x000000d488bff0b0 points into unknown readable memory: 68 d5 6a 4b fb 7f 00 00
RCX=0x000002b6c07e42f0 is pointing into metadata
RDX=0x000000000000ca04 is an unknown value
RSP=0x000000d488bfee28 points into unknown readable memory: b3 dc 11 4b fb 7f 00 00
RBP=0x0 is NULL
RSI=0x0000000000000001 is an unknown value
RDI=0x000002b6c0759088 is pointing into metadata
R8 =0x0 is NULL
R9 =0x000002b6c0759088 is pointing into metadata
R10=0x00007ffb4add0000 jvm.dll
R11=0x000000d488bfee90 points into unknown readable memory: b0 f0 bf 88 d4 00 00 00
R12=0x000002b6c0b30150 points into unknown readable memory: 00 00 00 00 00 00 00 00
R13=0x0 is NULL
R14=0x000002b6c07593f7 is pointing into metadata
R15=0x0000000000000063 is an unknown value


Registers:
RAX=0x00000000001940a0, RBX=0x000000d488bff0b0, RCX=0x000002b6c07e42f0, RDX=0x000000000000ca04
RSP=0x000000d488bfee28, RBP=0x0000000000000000, RSI=0x0000000000000001, RDI=0x000002b6c0759088
R8 =0x0000000000000000, R9 =0x000002b6c0759088, R10=0x00007ffb4add0000, R11=0x000000d488bfee90
R12=0x000002b6c0b30150, R13=0x0000000000000000, R14=0x000002b6c07593f7, R15=0x0000000000000063
RIP=0x00007ffb4b02b5d9, EFLAGS=0x0000000000010206

Top of Stack: (sp=0x000000d488bfee28)
0x000000d488bfee28:   00007ffb4b11dcb3 000000d488bfee80
0x000000d488bfee38:   00007ffb4b122023 000002b6c0b30150
0x000000d488bfee48:   0000000000000062 000000004fffffff
0x000000d488bfee58:   000002b6c027c800 000000004600003e
0x000000d488bfee68:   00007ffb4b121ed5 0000daf61bba844e
0x000000d488bfee78:   0000daf61bba843e 000002b6c07593f7
0x000000d488bfee88:   000000d488bfef10 000000d488bff0b0
0x000000d488bfee98:   00007ffb4b120221 000002b6c07593f6
0x000000d488bfeea8:   0000000000000057 000000d488bfef40
0x000000d488bfeeb8:   000002b6c07593b7 000000d400000057
0x000000d488bfeec8:   000000d488bfef40 0000000000000063
0x000000d488bfeed8:   00000000000000b4 00000000000000b4
0x000000d488bfeee8:   00007ffb4b120aee 000000d488bff0b0
0x000000d488bfeef8:   000000d488bfef40 000002b6c07593f7
0x000000d488bfef08:   6666666666666667 000002b6c0759448
0x000000d488bfef18:   000002b6c027c800 0000005a00000057 

Instructions: (pc=0x00007ffb4b02b5d9)
0x00007ffb4b02b4d9:   03 03 03 03 03 03 03 03 03 03 03 03 03 03 03 03
0x00007ffb4b02b4e9:   03 03 03 03 03 03 03 03 03 03 03 03 03 03 03 03
0x00007ffb4b02b4f9:   03 03 03 03 03 03 03 03 03 03 03 03 03 03 03 03
0x00007ffb4b02b509:   03 03 03 03 03 03 03 03 03 03 03 03 03 03 03 03
0x00007ffb4b02b519:   03 03 02 03 03 02 cc 48 89 5c 24 08 48 89 74 24
0x00007ffb4b02b529:   10 57 48 83 ec 20 48 63 da 41 0f b6 f0 48 8b f9
0x00007ffb4b02b539:   85 d2 79 24 4c 8d 0d ac fa 62 00 ba 93 02 00 00
0x00007ffb4b02b549:   4c 8d 05 d8 fa 62 00 48 8d 0d 41 fa 62 00 e8 84
0x00007ffb4b02b559:   71 00 00 e8 7f 7a 3d 00 40 84 f6 75 18 48 8b 4f
0x00007ffb4b02b569:   10 48 85 c9 74 0f 48 8d 43 01 48 c1 e0 05 48 8b
0x00007ffb4b02b579:   04 08 0f b7 d8 48 8b 74 24 38 48 63 c3 48 8b 5c
0x00007ffb4b02b589:   24 30 0f b7 44 c7 40 48 83 c4 20 5f c3 cc cc cc
0x00007ffb4b02b599:   cc cc cc cc cc cc cc 4c 8b c9 45 84 c0 75 42 48
0x00007ffb4b02b5a9:   8b 49 10 48 85 c9 74 39 85 d2 79 1a f7 d2 48 63
0x00007ffb4b02b5b9:   c2 48 ff c0 48 c1 e0 05 48 8b 04 08 0f b7 c8 41
0x00007ffb4b02b5c9:   0f b7 44 c9 42 c3 48 63 c2 48 ff c0 48 c1 e0 05
0x00007ffb4b02b5d9:   48 8b 04 08 0f b7 d0 48 63 c2 41 0f b7 44 c1 42
0x00007ffb4b02b5e9:   c3 49 8b 41 08 48 63 ca 0f b6 44 01 04 3c 12 74
0x00007ffb4b02b5f9:   ce 49 8b 41 08 0f b6 44 01 04 3c 11 74 c1 49 8b
0x00007ffb4b02b609:   41 08 0f b6 44 01 04 3c 6a 74 b4 48 63 c2 41 0f
0x00007ffb4b02b619:   b7 44 c1 42 c3 cc cc 40 53 48 83 ec 20 48 8b d9
0x00007ffb4b02b629:   e8 72 ff ff ff 48 63 d0 0f b7 44 d3 40 48 8b 44
0x00007ffb4b02b639:   c3 40 48 83 c4 20 5b c3 cc cc cc cc cc cc cc cc
0x00007ffb4b02b649:   cc cc cc cc cc cc cc 40 53 48 83 ec 20 48 8b d9
0x00007ffb4b02b659:   e8 42 ff ff ff 48 63 d0 0f b7 44 d3 42 48 8b 44
0x00007ffb4b02b669:   c3 40 48 83 c4 20 5b c3 cc cc cc cc cc cc cc cc
0x00007ffb4b02b679:   cc cc cc cc cc cc cc 4c 8b d1 45 84 c9 75 23 4c
0x00007ffb4b02b689:   8b 49 10 4d 85 c9 74 1a 45 85 c0 79 03 41 f7 d0
0x00007ffb4b02b699:   49 63 c0 48 ff c0 48 c1 e0 05 4a 8b 04 08 44 0f
0x00007ffb4b02b6a9:   b7 c0 49 8b 42 08 49 63 c8 0f b6 4c 08 04 48 8b
0x00007ffb4b02b6b9:   c2 88 0a c3 cc cc cc 40 56 57 41 54 41 56 41 57
0x00007ffb4b02b6c9:   48 83 ec 20 45 8b 30 49 8b f0 49 63 f9 4c 8b e2 


Stack slot to memory mapping:
stack at sp + 0 slots: 0x00007ffb4b11dcb3 jvm.dll
stack at sp + 1 slots: 0x000000d488bfee80 points into unknown readable memory: f7 93 75 c0 b6 02 00 00
stack at sp + 2 slots: 0x00007ffb4b122023 jvm.dll
stack at sp + 3 slots: 0x000002b6c0b30150 points into unknown readable memory: 00 00 00 00 00 00 00 00
stack at sp + 4 slots: 0x0000000000000062 is an unknown value
stack at sp + 5 slots: 0x000000004fffffff is an unknown value
stack at sp + 6 slots: 0x000002b6c027c800 points into unknown readable memory: e8 25 6e 4b fb 7f 00 00
stack at sp + 7 slots: 0x000000004600003e is an unknown value

VM_Operation (0x000000d4895ff440): GetOrSetLocal, mode: safepoint, requested by thread 0x000002b6c0dcf800


---------------  P R O C E S S  ---------------

Threads class SMR info:
_java_thread_list=0x000002b6c22b7870, length=14, elements={
0x000002b69c8b5000, 0x000002b6c0281800, 0x000002b6c0283000, 0x000002b6c02a1000,
0x000002b6c02a2000, 0x000002b6c02a4000, 0x000002b6c0b3a000, 0x000002b6c0b63000,
0x000002b6c0b31000, 0x000002b6c0dcf800, 0x000002b6c0dea800, 0x000002b6c0deb800,
0x000002b6c0e76000, 0x000002b6c1460800
}

Java Threads: ( => current thread )
  0x000002b69c8b5000 JavaThread "main" [_thread_blocked, id=38244, stack(0x000000d488500000,0x000000d488600000)]
  0x000002b6c0281800 JavaThread "Reference Handler" daemon [_thread_blocked, id=19652, stack(0x000000d488c00000,0x000000d488d00000)]
  0x000002b6c0283000 JavaThread "Finalizer" daemon [_thread_blocked, id=33384, stack(0x000000d488d00000,0x000000d488e00000)]
  0x000002b6c02a1000 JavaThread "Signal Dispatcher" daemon [_thread_blocked, id=38360, stack(0x000000d488e00000,0x000000d488f00000)]
  0x000002b6c02a2000 JavaThread "Attach Listener" daemon [_thread_blocked, id=22344, stack(0x000000d488f00000,0x000000d489000000)]
  0x000002b6c02a4000 JavaThread "C2 CompilerThread0" daemon [_thread_blocked, id=29580, stack(0x000000d489000000,0x000000d489100000)]
  0x000002b6c0b3a000 JavaThread "C1 CompilerThread0" daemon [_thread_blocked, id=764, stack(0x000000d489100000,0x000000d489200000)]
  0x000002b6c0b63000 JavaThread "Sweeper thread" daemon [_thread_blocked, id=35412, stack(0x000000d489200000,0x000000d489300000)]
  0x000002b6c0b31000 JavaThread "Common-Cleaner" daemon [_thread_blocked, id=7928, stack(0x000000d489300000,0x000000d489400000)]
  0x000002b6c0dcf800 JavaThread "JDWP Transport Listener: dt_socket" daemon [_thread_blocked, id=31904, stack(0x000000d489500000,0x000000d489600000)] _threads_hazard_ptr=0x000002b6c22b7870
  0x000002b6c0dea800 JavaThread "JDWP Event Helper Thread" daemon [_thread_blocked, id=38540, stack(0x000000d489600000,0x000000d489700000)]
  0x000002b6c0deb800 JavaThread "JDWP Command Reader" daemon [_thread_in_native, id=32780, stack(0x000000d489700000,0x000000d489800000)]
  0x000002b6c0e76000 JavaThread "Service Thread" daemon [_thread_blocked, id=2556, stack(0x000000d489400000,0x000000d489500000)]
  0x000002b6c1460800 JavaThread "ReaderThread" [_thread_in_native, id=10868, stack(0x000000d489a00000,0x000000d489b00000)]

Other Threads:
=>0x000002b6c027c800 VMThread "VM Thread" [stack: 0x000000d488b00000,0x000000d488c00000] [id=20304]
  0x000002b6c0e77800 WatcherThread [stack: 0x000000d489800000,0x000000d489900000] [id=12492]
  0x000002b69c916000 GCTaskThread "GC Thread#0" [stack: 0x000000d488600000,0x000000d488700000] [id=24016]
  0x000002b6c1f4f800 GCTaskThread "GC Thread#1" [stack: 0x000000d489b00000,0x000000d489c00000] [id=21404]
  0x000002b6c204d000 GCTaskThread "GC Thread#2" [stack: 0x000000d489c00000,0x000000d489d00000] [id=7680]
  0x000002b6c1e56000 GCTaskThread "GC Thread#3" [stack: 0x000000d489d00000,0x000000d489e00000] [id=22960]
  0x000002b6c1d78000 GCTaskThread "GC Thread#4" [stack: 0x000000d489e00000,0x000000d489f00000] [id=17304]
  0x000002b6c2193800 GCTaskThread "GC Thread#5" [stack: 0x000000d489f00000,0x000000d48a000000] [id=10516]
  0x000002b69c931000 ConcurrentGCThread "G1 Main Marker" [stack: 0x000000d488700000,0x000000d488800000] [id=15920]
  0x000002b69c932800 ConcurrentGCThread "G1 Conc#0" [stack: 0x000000d488800000,0x000000d488900000] [id=12932]
  0x000002b6c0175000 ConcurrentGCThread "G1 Refine#0" [stack: 0x000000d488900000,0x000000d488a00000] [id=15592]
  0x000002b6c0176000 ConcurrentGCThread "G1 Young RemSet Sampling" [stack: 0x000000d488a00000,0x000000d488b00000] [id=16948]

Threads with active compile tasks:

VM state:at safepoint (normal execution)

VM Mutex/Monitor currently owned by a thread:  ([mutex/lock_event])
[0x000002b69c8b07f0] Threads_lock - owner thread: 0x000002b6c027c800

Heap address: 0x0000000701e00000, size: 4066 MB, Compressed Oops mode: Zero based, Oop shift amount: 3
Narrow klass base: 0x0000000800000000, Narrow klass shift: 3
Compressed class space size: 1073741824 Address: 0x0000000801190000

Heap:
 garbage-first heap   total 262144K, used 7329K [0x0000000701e00000, 0x0000000800000000)
  region size 1024K, 9 young (9216K), 3 survivors (3072K)
 Metaspace       used 6271K, capacity 7300K, committed 7424K, reserved 1056768K
  class space    used 721K, capacity 901K, committed 1024K, reserved 1048576K
Heap Regions: E=young(eden), S=young(survivor), O=old, HS=humongous(starts), HC=humongous(continues), CS=collection set, F=free, A=archive, TAMS=top-at-mark-start (previous, next)
|   0|0x0000000701e00000, 0x0000000701e00000, 0x0000000701f00000|  0%| F|  |TAMS 0x0000000701e00000, 0x0000000701e00000| Untracked 
|   1|0x0000000701f00000, 0x0000000701f00000, 0x0000000702000000|  0%| F|  |TAMS 0x0000000701f00000, 0x0000000701f00000| Untracked 
|   2|0x0000000702000000, 0x0000000702000000, 0x0000000702100000|  0%| F|  |TAMS 0x0000000702000000, 0x0000000702000000| Untracked 
|   3|0x0000000702100000, 0x0000000702100000, 0x0000000702200000|  0%| F|  |TAMS 0x0000000702100000, 0x0000000702100000| Untracked 
|   4|0x0000000702200000, 0x0000000702200000, 0x0000000702300000|  0%| F|  |TAMS 0x0000000702200000, 0x0000000702200000| Untracked 
|   5|0x0000000702300000, 0x0000000702300000, 0x0000000702400000|  0%| F|  |TAMS 0x0000000702300000, 0x0000000702300000| Untracked 
|   6|0x0000000702400000, 0x0000000702400000, 0x0000000702500000|  0%| F|  |TAMS 0x0000000702400000, 0x0000000702400000| Untracked 
|   7|0x0000000702500000, 0x0000000702500000, 0x0000000702600000|  0%| F|  |TAMS 0x0000000702500000, 0x0000000702500000| Untracked 
|   8|0x0000000702600000, 0x0000000702600000, 0x0000000702700000|  0%| F|  |TAMS 0x0000000702600000, 0x0000000702600000| Untracked 
|   9|0x0000000702700000, 0x0000000702700000, 0x0000000702800000|  0%| F|  |TAMS 0x0000000702700000, 0x0000000702700000| Untracked 
|  10|0x0000000702800000, 0x0000000702800000, 0x0000000702900000|  0%| F|  |TAMS 0x0000000702800000, 0x0000000702800000| Untracked 
|  11|0x0000000702900000, 0x0000000702900000, 0x0000000702a00000|  0%| F|  |TAMS 0x0000000702900000, 0x0000000702900000| Untracked 
|  12|0x0000000702a00000, 0x0000000702a00000, 0x0000000702b00000|  0%| F|  |TAMS 0x0000000702a00000, 0x0000000702a00000| Untracked 
|  13|0x0000000702b00000, 0x0000000702b00000, 0x0000000702c00000|  0%| F|  |TAMS 0x0000000702b00000, 0x0000000702b00000| Untracked 
|  14|0x0000000702c00000, 0x0000000702c00000, 0x0000000702d00000|  0%| F|  |TAMS 0x0000000702c00000, 0x0000000702c00000| Untracked 
|  15|0x0000000702d00000, 0x0000000702d00000, 0x0000000702e00000|  0%| F|  |TAMS 0x0000000702d00000, 0x0000000702d00000| Untracked 
|  16|0x0000000702e00000, 0x0000000702e00000, 0x0000000702f00000|  0%| F|  |TAMS 0x0000000702e00000, 0x0000000702e00000| Untracked 
|  17|0x0000000702f00000, 0x0000000702f00000, 0x0000000703000000|  0%| F|  |TAMS 0x0000000702f00000, 0x0000000702f00000| Untracked 
|  18|0x0000000703000000, 0x0000000703000000, 0x0000000703100000|  0%| F|  |TAMS 0x0000000703000000, 0x0000000703000000| Untracked 
|  19|0x0000000703100000, 0x0000000703100000, 0x0000000703200000|  0%| F|  |TAMS 0x0000000703100000, 0x0000000703100000| Untracked 
|  20|0x0000000703200000, 0x0000000703200000, 0x0000000703300000|  0%| F|  |TAMS 0x0000000703200000, 0x0000000703200000| Untracked 
|  21|0x0000000703300000, 0x0000000703300000, 0x0000000703400000|  0%| F|  |TAMS 0x0000000703300000, 0x0000000703300000| Untracked 
|  22|0x0000000703400000, 0x0000000703400000, 0x0000000703500000|  0%| F|  |TAMS 0x0000000703400000, 0x0000000703400000| Untracked 
|  23|0x0000000703500000, 0x0000000703500000, 0x0000000703600000|  0%| F|  |TAMS 0x0000000703500000, 0x0000000703500000| Untracked 
|  24|0x0000000703600000, 0x0000000703600000, 0x0000000703700000|  0%| F|  |TAMS 0x0000000703600000, 0x0000000703600000| Untracked 
|  25|0x0000000703700000, 0x0000000703700000, 0x0000000703800000|  0%| F|  |TAMS 0x0000000703700000, 0x0000000703700000| Untracked 
|  26|0x0000000703800000, 0x0000000703800000, 0x0000000703900000|  0%| F|  |TAMS 0x0000000703800000, 0x0000000703800000| Untracked 
|  27|0x0000000703900000, 0x0000000703900000, 0x0000000703a00000|  0%| F|  |TAMS 0x0000000703900000, 0x0000000703900000| Untracked 
|  28|0x0000000703a00000, 0x0000000703a00000, 0x0000000703b00000|  0%| F|  |TAMS 0x0000000703a00000, 0x0000000703a00000| Untracked 
|  29|0x0000000703b00000, 0x0000000703b00000, 0x0000000703c00000|  0%| F|  |TAMS 0x0000000703b00000, 0x0000000703b00000| Untracked 
|  30|0x0000000703c00000, 0x0000000703c00000, 0x0000000703d00000|  0%| F|  |TAMS 0x0000000703c00000, 0x0000000703c00000| Untracked 
|  31|0x0000000703d00000, 0x0000000703d00000, 0x0000000703e00000|  0%| F|  |TAMS 0x0000000703d00000, 0x0000000703d00000| Untracked 
|  32|0x0000000703e00000, 0x0000000703e00000, 0x0000000703f00000|  0%| F|  |TAMS 0x0000000703e00000, 0x0000000703e00000| Untracked 
|  33|0x0000000703f00000, 0x0000000703f00000, 0x0000000704000000|  0%| F|  |TAMS 0x0000000703f00000, 0x0000000703f00000| Untracked 
|  34|0x0000000704000000, 0x0000000704000000, 0x0000000704100000|  0%| F|  |TAMS 0x0000000704000000, 0x0000000704000000| Untracked 
|  35|0x0000000704100000, 0x0000000704100000, 0x0000000704200000|  0%| F|  |TAMS 0x0000000704100000, 0x0000000704100000| Untracked 
|  36|0x0000000704200000, 0x0000000704200000, 0x0000000704300000|  0%| F|  |TAMS 0x0000000704200000, 0x0000000704200000| Untracked 
|  37|0x0000000704300000, 0x0000000704300000, 0x0000000704400000|  0%| F|  |TAMS 0x0000000704300000, 0x0000000704300000| Untracked 
|  38|0x0000000704400000, 0x0000000704400000, 0x0000000704500000|  0%| F|  |TAMS 0x0000000704400000, 0x0000000704400000| Untracked 
|  39|0x0000000704500000, 0x0000000704500000, 0x0000000704600000|  0%| F|  |TAMS 0x0000000704500000, 0x0000000704500000| Untracked 
|  40|0x0000000704600000, 0x0000000704600000, 0x0000000704700000|  0%| F|  |TAMS 0x0000000704600000, 0x0000000704600000| Untracked 
|  41|0x0000000704700000, 0x0000000704700000, 0x0000000704800000|  0%| F|  |TAMS 0x0000000704700000, 0x0000000704700000| Untracked 
|  42|0x0000000704800000, 0x0000000704800000, 0x0000000704900000|  0%| F|  |TAMS 0x0000000704800000, 0x0000000704800000| Untracked 
|  43|0x0000000704900000, 0x0000000704900000, 0x0000000704a00000|  0%| F|  |TAMS 0x0000000704900000, 0x0000000704900000| Untracked 
|  44|0x0000000704a00000, 0x0000000704a00000, 0x0000000704b00000|  0%| F|  |TAMS 0x0000000704a00000, 0x0000000704a00000| Untracked 
|  45|0x0000000704b00000, 0x0000000704b00000, 0x0000000704c00000|  0%| F|  |TAMS 0x0000000704b00000, 0x0000000704b00000| Untracked 
|  46|0x0000000704c00000, 0x0000000704c00000, 0x0000000704d00000|  0%| F|  |TAMS 0x0000000704c00000, 0x0000000704c00000| Untracked 
|  47|0x0000000704d00000, 0x0000000704d00000, 0x0000000704e00000|  0%| F|  |TAMS 0x0000000704d00000, 0x0000000704d00000| Untracked 
|  48|0x0000000704e00000, 0x0000000704e00000, 0x0000000704f00000|  0%| F|  |TAMS 0x0000000704e00000, 0x0000000704e00000| Untracked 
|  49|0x0000000704f00000, 0x0000000704f00000, 0x0000000705000000|  0%| F|  |TAMS 0x0000000704f00000, 0x0000000704f00000| Untracked 
|  50|0x0000000705000000, 0x0000000705000000, 0x0000000705100000|  0%| F|  |TAMS 0x0000000705000000, 0x0000000705000000| Untracked 
|  51|0x0000000705100000, 0x0000000705100000, 0x0000000705200000|  0%| F|  |TAMS 0x0000000705100000, 0x0000000705100000| Untracked 
|  52|0x0000000705200000, 0x0000000705200000, 0x0000000705300000|  0%| F|  |TAMS 0x0000000705200000, 0x0000000705200000| Untracked 
|  53|0x0000000705300000, 0x0000000705300000, 0x0000000705400000|  0%| F|  |TAMS 0x0000000705300000, 0x0000000705300000| Untracked 
|  54|0x0000000705400000, 0x0000000705400000, 0x0000000705500000|  0%| F|  |TAMS 0x0000000705400000, 0x0000000705400000| Untracked 
|  55|0x0000000705500000, 0x0000000705500000, 0x0000000705600000|  0%| F|  |TAMS 0x0000000705500000, 0x0000000705500000| Untracked 
|  56|0x0000000705600000, 0x0000000705600000, 0x0000000705700000|  0%| F|  |TAMS 0x0000000705600000, 0x0000000705600000| Untracked 
|  57|0x0000000705700000, 0x0000000705700000, 0x0000000705800000|  0%| F|  |TAMS 0x0000000705700000, 0x0000000705700000| Untracked 
|  58|0x0000000705800000, 0x0000000705800000, 0x0000000705900000|  0%| F|  |TAMS 0x0000000705800000, 0x0000000705800000| Untracked 
|  59|0x0000000705900000, 0x0000000705900000, 0x0000000705a00000|  0%| F|  |TAMS 0x0000000705900000, 0x0000000705900000| Untracked 
|  60|0x0000000705a00000, 0x0000000705a00000, 0x0000000705b00000|  0%| F|  |TAMS 0x0000000705a00000, 0x0000000705a00000| Untracked 
|  61|0x0000000705b00000, 0x0000000705b00000, 0x0000000705c00000|  0%| F|  |TAMS 0x0000000705b00000, 0x0000000705b00000| Untracked 
|  62|0x0000000705c00000, 0x0000000705c00000, 0x0000000705d00000|  0%| F|  |TAMS 0x0000000705c00000, 0x0000000705c00000| Untracked 
|  63|0x0000000705d00000, 0x0000000705d00000, 0x0000000705e00000|  0%| F|  |TAMS 0x0000000705d00000, 0x0000000705d00000| Untracked 
|  64|0x0000000705e00000, 0x0000000705e00000, 0x0000000705f00000|  0%| F|  |TAMS 0x0000000705e00000, 0x0000000705e00000| Untracked 
|  65|0x0000000705f00000, 0x0000000705f00000, 0x0000000706000000|  0%| F|  |TAMS 0x0000000705f00000, 0x0000000705f00000| Untracked 
|  66|0x0000000706000000, 0x0000000706000000, 0x0000000706100000|  0%| F|  |TAMS 0x0000000706000000, 0x0000000706000000| Untracked 
|  67|0x0000000706100000, 0x0000000706100000, 0x0000000706200000|  0%| F|  |TAMS 0x0000000706100000, 0x0000000706100000| Untracked 
|  68|0x0000000706200000, 0x0000000706200000, 0x0000000706300000|  0%| F|  |TAMS 0x0000000706200000, 0x0000000706200000| Untracked 
|  69|0x0000000706300000, 0x0000000706300000, 0x0000000706400000|  0%| F|  |TAMS 0x0000000706300000, 0x0000000706300000| Untracked 
|  70|0x0000000706400000, 0x0000000706400000, 0x0000000706500000|  0%| F|  |TAMS 0x0000000706400000, 0x0000000706400000| Untracked 
|  71|0x0000000706500000, 0x0000000706500000, 0x0000000706600000|  0%| F|  |TAMS 0x0000000706500000, 0x0000000706500000| Untracked 
|  72|0x0000000706600000, 0x0000000706600000, 0x0000000706700000|  0%| F|  |TAMS 0x0000000706600000, 0x0000000706600000| Untracked 
|  73|0x0000000706700000, 0x0000000706700000, 0x0000000706800000|  0%| F|  |TAMS 0x0000000706700000, 0x0000000706700000| Untracked 
|  74|0x0000000706800000, 0x0000000706800000, 0x0000000706900000|  0%| F|  |TAMS 0x0000000706800000, 0x0000000706800000| Untracked 
|  75|0x0000000706900000, 0x0000000706900000, 0x0000000706a00000|  0%| F|  |TAMS 0x0000000706900000, 0x0000000706900000| Untracked 
|  76|0x0000000706a00000, 0x0000000706a00000, 0x0000000706b00000|  0%| F|  |TAMS 0x0000000706a00000, 0x0000000706a00000| Untracked 
|  77|0x0000000706b00000, 0x0000000706b00000, 0x0000000706c00000|  0%| F|  |TAMS 0x0000000706b00000, 0x0000000706b00000| Untracked 
|  78|0x0000000706c00000, 0x0000000706c00000, 0x0000000706d00000|  0%| F|  |TAMS 0x0000000706c00000, 0x0000000706c00000| Untracked 
|  79|0x0000000706d00000, 0x0000000706d00000, 0x0000000706e00000|  0%| F|  |TAMS 0x0000000706d00000, 0x0000000706d00000| Untracked 
|  80|0x0000000706e00000, 0x0000000706e00000, 0x0000000706f00000|  0%| F|  |TAMS 0x0000000706e00000, 0x0000000706e00000| Untracked 
|  81|0x0000000706f00000, 0x0000000706f00000, 0x0000000707000000|  0%| F|  |TAMS 0x0000000706f00000, 0x0000000706f00000| Untracked 
|  82|0x0000000707000000, 0x0000000707000000, 0x0000000707100000|  0%| F|  |TAMS 0x0000000707000000, 0x0000000707000000| Untracked 
|  83|0x0000000707100000, 0x0000000707100000, 0x0000000707200000|  0%| F|  |TAMS 0x0000000707100000, 0x0000000707100000| Untracked 
|  84|0x0000000707200000, 0x0000000707200000, 0x0000000707300000|  0%| F|  |TAMS 0x0000000707200000, 0x0000000707200000| Untracked 
|  85|0x0000000707300000, 0x0000000707300000, 0x0000000707400000|  0%| F|  |TAMS 0x0000000707300000, 0x0000000707300000| Untracked 
|  86|0x0000000707400000, 0x0000000707400000, 0x0000000707500000|  0%| F|  |TAMS 0x0000000707400000, 0x0000000707400000| Untracked 
|  87|0x0000000707500000, 0x0000000707500000, 0x0000000707600000|  0%| F|  |TAMS 0x0000000707500000, 0x0000000707500000| Untracked 
|  88|0x0000000707600000, 0x0000000707600000, 0x0000000707700000|  0%| F|  |TAMS 0x0000000707600000, 0x0000000707600000| Untracked 
|  89|0x0000000707700000, 0x0000000707700000, 0x0000000707800000|  0%| F|  |TAMS 0x0000000707700000, 0x0000000707700000| Untracked 
|  90|0x0000000707800000, 0x0000000707800000, 0x0000000707900000|  0%| F|  |TAMS 0x0000000707800000, 0x0000000707800000| Untracked 
|  91|0x0000000707900000, 0x0000000707900000, 0x0000000707a00000|  0%| F|  |TAMS 0x0000000707900000, 0x0000000707900000| Untracked 
|  92|0x0000000707a00000, 0x0000000707a00000, 0x0000000707b00000|  0%| F|  |TAMS 0x0000000707a00000, 0x0000000707a00000| Untracked 
|  93|0x0000000707b00000, 0x0000000707b00000, 0x0000000707c00000|  0%| F|  |TAMS 0x0000000707b00000, 0x0000000707b00000| Untracked 
|  94|0x0000000707c00000, 0x0000000707c00000, 0x0000000707d00000|  0%| F|  |TAMS 0x0000000707c00000, 0x0000000707c00000| Untracked 
|  95|0x0000000707d00000, 0x0000000707d00000, 0x0000000707e00000|  0%| F|  |TAMS 0x0000000707d00000, 0x0000000707d00000| Untracked 
|  96|0x0000000707e00000, 0x0000000707e00000, 0x0000000707f00000|  0%| F|  |TAMS 0x0000000707e00000, 0x0000000707e00000| Untracked 
|  97|0x0000000707f00000, 0x0000000707f00000, 0x0000000708000000|  0%| F|  |TAMS 0x0000000707f00000, 0x0000000707f00000| Untracked 
|  98|0x0000000708000000, 0x0000000708000000, 0x0000000708100000|  0%| F|  |TAMS 0x0000000708000000, 0x0000000708000000| Untracked 
|  99|0x0000000708100000, 0x0000000708100000, 0x0000000708200000|  0%| F|  |TAMS 0x0000000708100000, 0x0000000708100000| Untracked 
| 100|0x0000000708200000, 0x0000000708200000, 0x0000000708300000|  0%| F|  |TAMS 0x0000000708200000, 0x0000000708200000| Untracked 
| 101|0x0000000708300000, 0x0000000708300000, 0x0000000708400000|  0%| F|  |TAMS 0x0000000708300000, 0x0000000708300000| Untracked 
| 102|0x0000000708400000, 0x0000000708400000, 0x0000000708500000|  0%| F|  |TAMS 0x0000000708400000, 0x0000000708400000| Untracked 
| 103|0x0000000708500000, 0x0000000708500000, 0x0000000708600000|  0%| F|  |TAMS 0x0000000708500000, 0x0000000708500000| Untracked 
| 104|0x0000000708600000, 0x0000000708600000, 0x0000000708700000|  0%| F|  |TAMS 0x0000000708600000, 0x0000000708600000| Untracked 
| 105|0x0000000708700000, 0x0000000708700000, 0x0000000708800000|  0%| F|  |TAMS 0x0000000708700000, 0x0000000708700000| Untracked 
| 106|0x0000000708800000, 0x0000000708800000, 0x0000000708900000|  0%| F|  |TAMS 0x0000000708800000, 0x0000000708800000| Untracked 
| 107|0x0000000708900000, 0x0000000708900000, 0x0000000708a00000|  0%| F|  |TAMS 0x0000000708900000, 0x0000000708900000| Untracked 
| 108|0x0000000708a00000, 0x0000000708a00000, 0x0000000708b00000|  0%| F|  |TAMS 0x0000000708a00000, 0x0000000708a00000| Untracked 
| 109|0x0000000708b00000, 0x0000000708b00000, 0x0000000708c00000|  0%| F|  |TAMS 0x0000000708b00000, 0x0000000708b00000| Untracked 
| 110|0x0000000708c00000, 0x0000000708c00000, 0x0000000708d00000|  0%| F|  |TAMS 0x0000000708c00000, 0x0000000708c00000| Untracked 
| 111|0x0000000708d00000, 0x0000000708d00000, 0x0000000708e00000|  0%| F|  |TAMS 0x0000000708d00000, 0x0000000708d00000| Untracked 
| 112|0x0000000708e00000, 0x0000000708e00000, 0x0000000708f00000|  0%| F|  |TAMS 0x0000000708e00000, 0x0000000708e00000| Untracked 
| 113|0x0000000708f00000, 0x0000000708f00000, 0x0000000709000000|  0%| F|  |TAMS 0x0000000708f00000, 0x0000000708f00000| Untracked 
| 114|0x0000000709000000, 0x0000000709000000, 0x0000000709100000|  0%| F|  |TAMS 0x0000000709000000, 0x0000000709000000| Untracked 
| 115|0x0000000709100000, 0x0000000709100000, 0x0000000709200000|  0%| F|  |TAMS 0x0000000709100000, 0x0000000709100000| Untracked 
| 116|0x0000000709200000, 0x0000000709200000, 0x0000000709300000|  0%| F|  |TAMS 0x0000000709200000, 0x0000000709200000| Untracked 
| 117|0x0000000709300000, 0x0000000709300000, 0x0000000709400000|  0%| F|  |TAMS 0x0000000709300000, 0x0000000709300000| Untracked 
| 118|0x0000000709400000, 0x0000000709400000, 0x0000000709500000|  0%| F|  |TAMS 0x0000000709400000, 0x0000000709400000| Untracked 
| 119|0x0000000709500000, 0x0000000709500000, 0x0000000709600000|  0%| F|  |TAMS 0x0000000709500000, 0x0000000709500000| Untracked 
| 120|0x0000000709600000, 0x0000000709600000, 0x0000000709700000|  0%| F|  |TAMS 0x0000000709600000, 0x0000000709600000| Untracked 
| 121|0x0000000709700000, 0x0000000709700000, 0x0000000709800000|  0%| F|  |TAMS 0x0000000709700000, 0x0000000709700000| Untracked 
| 122|0x0000000709800000, 0x0000000709800000, 0x0000000709900000|  0%| F|  |TAMS 0x0000000709800000, 0x0000000709800000| Untracked 
| 123|0x0000000709900000, 0x0000000709900000, 0x0000000709a00000|  0%| F|  |TAMS 0x0000000709900000, 0x0000000709900000| Untracked 
| 124|0x0000000709a00000, 0x0000000709a00000, 0x0000000709b00000|  0%| F|  |TAMS 0x0000000709a00000, 0x0000000709a00000| Untracked 
| 125|0x0000000709b00000, 0x0000000709b00000, 0x0000000709c00000|  0%| F|  |TAMS 0x0000000709b00000, 0x0000000709b00000| Untracked 
| 126|0x0000000709c00000, 0x0000000709c00000, 0x0000000709d00000|  0%| F|  |TAMS 0x0000000709c00000, 0x0000000709c00000| Untracked 
| 127|0x0000000709d00000, 0x0000000709d00000, 0x0000000709e00000|  0%| F|  |TAMS 0x0000000709d00000, 0x0000000709d00000| Untracked 
| 128|0x0000000709e00000, 0x0000000709e00000, 0x0000000709f00000|  0%| F|  |TAMS 0x0000000709e00000, 0x0000000709e00000| Untracked 
| 129|0x0000000709f00000, 0x0000000709f00000, 0x000000070a000000|  0%| F|  |TAMS 0x0000000709f00000, 0x0000000709f00000| Untracked 
| 130|0x000000070a000000, 0x000000070a000000, 0x000000070a100000|  0%| F|  |TAMS 0x000000070a000000, 0x000000070a000000| Untracked 
| 131|0x000000070a100000, 0x000000070a100000, 0x000000070a200000|  0%| F|  |TAMS 0x000000070a100000, 0x000000070a100000| Untracked 
| 132|0x000000070a200000, 0x000000070a200000, 0x000000070a300000|  0%| F|  |TAMS 0x000000070a200000, 0x000000070a200000| Untracked 
| 133|0x000000070a300000, 0x000000070a300000, 0x000000070a400000|  0%| F|  |TAMS 0x000000070a300000, 0x000000070a300000| Untracked 
| 134|0x000000070a400000, 0x000000070a400000, 0x000000070a500000|  0%| F|  |TAMS 0x000000070a400000, 0x000000070a400000| Untracked 
| 135|0x000000070a500000, 0x000000070a500000, 0x000000070a600000|  0%| F|  |TAMS 0x000000070a500000, 0x000000070a500000| Untracked 
| 136|0x000000070a600000, 0x000000070a600000, 0x000000070a700000|  0%| F|  |TAMS 0x000000070a600000, 0x000000070a600000| Untracked 
| 137|0x000000070a700000, 0x000000070a700000, 0x000000070a800000|  0%| F|  |TAMS 0x000000070a700000, 0x000000070a700000| Untracked 
| 138|0x000000070a800000, 0x000000070a800000, 0x000000070a900000|  0%| F|  |TAMS 0x000000070a800000, 0x000000070a800000| Untracked 
| 139|0x000000070a900000, 0x000000070a900000, 0x000000070aa00000|  0%| F|  |TAMS 0x000000070a900000, 0x000000070a900000| Untracked 
| 140|0x000000070aa00000, 0x000000070aa00000, 0x000000070ab00000|  0%| F|  |TAMS 0x000000070aa00000, 0x000000070aa00000| Untracked 
| 141|0x000000070ab00000, 0x000000070ab00000, 0x000000070ac00000|  0%| F|  |TAMS 0x000000070ab00000, 0x000000070ab00000| Untracked 
| 142|0x000000070ac00000, 0x000000070ac00000, 0x000000070ad00000|  0%| F|  |TAMS 0x000000070ac00000, 0x000000070ac00000| Untracked 
| 143|0x000000070ad00000, 0x000000070ad00000, 0x000000070ae00000|  0%| F|  |TAMS 0x000000070ad00000, 0x000000070ad00000| Untracked 
| 144|0x000000070ae00000, 0x000000070ae00000, 0x000000070af00000|  0%| F|  |TAMS 0x000000070ae00000, 0x000000070ae00000| Untracked 
| 145|0x000000070af00000, 0x000000070af00000, 0x000000070b000000|  0%| F|  |TAMS 0x000000070af00000, 0x000000070af00000| Untracked 
| 146|0x000000070b000000, 0x000000070b000000, 0x000000070b100000|  0%| F|  |TAMS 0x000000070b000000, 0x000000070b000000| Untracked 
| 147|0x000000070b100000, 0x000000070b100000, 0x000000070b200000|  0%| F|  |TAMS 0x000000070b100000, 0x000000070b100000| Untracked 
| 148|0x000000070b200000, 0x000000070b200000, 0x000000070b300000|  0%| F|  |TAMS 0x000000070b200000, 0x000000070b200000| Untracked 
| 149|0x000000070b300000, 0x000000070b300000, 0x000000070b400000|  0%| F|  |TAMS 0x000000070b300000, 0x000000070b300000| Untracked 
| 150|0x000000070b400000, 0x000000070b400000, 0x000000070b500000|  0%| F|  |TAMS 0x000000070b400000, 0x000000070b400000| Untracked 
| 151|0x000000070b500000, 0x000000070b500000, 0x000000070b600000|  0%| F|  |TAMS 0x000000070b500000, 0x000000070b500000| Untracked 
| 152|0x000000070b600000, 0x000000070b600000, 0x000000070b700000|  0%| F|  |TAMS 0x000000070b600000, 0x000000070b600000| Untracked 
| 153|0x000000070b700000, 0x000000070b700000, 0x000000070b800000|  0%| F|  |TAMS 0x000000070b700000, 0x000000070b700000| Untracked 
| 154|0x000000070b800000, 0x000000070b800000, 0x000000070b900000|  0%| F|  |TAMS 0x000000070b800000, 0x000000070b800000| Untracked 
| 155|0x000000070b900000, 0x000000070b900000, 0x000000070ba00000|  0%| F|  |TAMS 0x000000070b900000, 0x000000070b900000| Untracked 
| 156|0x000000070ba00000, 0x000000070ba00000, 0x000000070bb00000|  0%| F|  |TAMS 0x000000070ba00000, 0x000000070ba00000| Untracked 
| 157|0x000000070bb00000, 0x000000070bb00000, 0x000000070bc00000|  0%| F|  |TAMS 0x000000070bb00000, 0x000000070bb00000| Untracked 
| 158|0x000000070bc00000, 0x000000070bc00000, 0x000000070bd00000|  0%| F|  |TAMS 0x000000070bc00000, 0x000000070bc00000| Untracked 
| 159|0x000000070bd00000, 0x000000070bd00000, 0x000000070be00000|  0%| F|  |TAMS 0x000000070bd00000, 0x000000070bd00000| Untracked 
| 160|0x000000070be00000, 0x000000070be00000, 0x000000070bf00000|  0%| F|  |TAMS 0x000000070be00000, 0x000000070be00000| Untracked 
| 161|0x000000070bf00000, 0x000000070bf00000, 0x000000070c000000|  0%| F|  |TAMS 0x000000070bf00000, 0x000000070bf00000| Untracked 
| 162|0x000000070c000000, 0x000000070c000000, 0x000000070c100000|  0%| F|  |TAMS 0x000000070c000000, 0x000000070c000000| Untracked 
| 163|0x000000070c100000, 0x000000070c100000, 0x000000070c200000|  0%| F|  |TAMS 0x000000070c100000, 0x000000070c100000| Untracked 
| 164|0x000000070c200000, 0x000000070c200000, 0x000000070c300000|  0%| F|  |TAMS 0x000000070c200000, 0x000000070c200000| Untracked 
| 165|0x000000070c300000, 0x000000070c300000, 0x000000070c400000|  0%| F|  |TAMS 0x000000070c300000, 0x000000070c300000| Untracked 
| 166|0x000000070c400000, 0x000000070c400000, 0x000000070c500000|  0%| F|  |TAMS 0x000000070c400000, 0x000000070c400000| Untracked 
| 167|0x000000070c500000, 0x000000070c500000, 0x000000070c600000|  0%| F|  |TAMS 0x000000070c500000, 0x000000070c500000| Untracked 
| 168|0x000000070c600000, 0x000000070c600000, 0x000000070c700000|  0%| F|  |TAMS 0x000000070c600000, 0x000000070c600000| Untracked 
| 169|0x000000070c700000, 0x000000070c700000, 0x000000070c800000|  0%| F|  |TAMS 0x000000070c700000, 0x000000070c700000| Untracked 
| 170|0x000000070c800000, 0x000000070c800000, 0x000000070c900000|  0%| F|  |TAMS 0x000000070c800000, 0x000000070c800000| Untracked 
| 171|0x000000070c900000, 0x000000070c900000, 0x000000070ca00000|  0%| F|  |TAMS 0x000000070c900000, 0x000000070c900000| Untracked 
| 172|0x000000070ca00000, 0x000000070ca00000, 0x000000070cb00000|  0%| F|  |TAMS 0x000000070ca00000, 0x000000070ca00000| Untracked 
| 173|0x000000070cb00000, 0x000000070cb00000, 0x000000070cc00000|  0%| F|  |TAMS 0x000000070cb00000, 0x000000070cb00000| Untracked 
| 174|0x000000070cc00000, 0x000000070cc00000, 0x000000070cd00000|  0%| F|  |TAMS 0x000000070cc00000, 0x000000070cc00000| Untracked 
| 175|0x000000070cd00000, 0x000000070cd00000, 0x000000070ce00000|  0%| F|  |TAMS 0x000000070cd00000, 0x000000070cd00000| Untracked 
| 176|0x000000070ce00000, 0x000000070ce00000, 0x000000070cf00000|  0%| F|  |TAMS 0x000000070ce00000, 0x000000070ce00000| Untracked 
| 177|0x000000070cf00000, 0x000000070cf00000, 0x000000070d000000|  0%| F|  |TAMS 0x000000070cf00000, 0x000000070cf00000| Untracked 
| 178|0x000000070d000000, 0x000000070d000000, 0x000000070d100000|  0%| F|  |TAMS 0x000000070d000000, 0x000000070d000000| Untracked 
| 179|0x000000070d100000, 0x000000070d100000, 0x000000070d200000|  0%| F|  |TAMS 0x000000070d100000, 0x000000070d100000| Untracked 
| 180|0x000000070d200000, 0x000000070d200000, 0x000000070d300000|  0%| F|  |TAMS 0x000000070d200000, 0x000000070d200000| Untracked 
| 181|0x000000070d300000, 0x000000070d300000, 0x000000070d400000|  0%| F|  |TAMS 0x000000070d300000, 0x000000070d300000| Untracked 
| 182|0x000000070d400000, 0x000000070d400000, 0x000000070d500000|  0%| F|  |TAMS 0x000000070d400000, 0x000000070d400000| Untracked 
| 183|0x000000070d500000, 0x000000070d500000, 0x000000070d600000|  0%| F|  |TAMS 0x000000070d500000, 0x000000070d500000| Untracked 
| 184|0x000000070d600000, 0x000000070d600000, 0x000000070d700000|  0%| F|  |TAMS 0x000000070d600000, 0x000000070d600000| Untracked 
| 185|0x000000070d700000, 0x000000070d700000, 0x000000070d800000|  0%| F|  |TAMS 0x000000070d700000, 0x000000070d700000| Untracked 
| 186|0x000000070d800000, 0x000000070d800000, 0x000000070d900000|  0%| F|  |TAMS 0x000000070d800000, 0x000000070d800000| Untracked 
| 187|0x000000070d900000, 0x000000070d900000, 0x000000070da00000|  0%| F|  |TAMS 0x000000070d900000, 0x000000070d900000| Untracked 
| 188|0x000000070da00000, 0x000000070da00000, 0x000000070db00000|  0%| F|  |TAMS 0x000000070da00000, 0x000000070da00000| Untracked 
| 189|0x000000070db00000, 0x000000070db00000, 0x000000070dc00000|  0%| F|  |TAMS 0x000000070db00000, 0x000000070db00000| Untracked 
| 190|0x000000070dc00000, 0x000000070dc00000, 0x000000070dd00000|  0%| F|  |TAMS 0x000000070dc00000, 0x000000070dc00000| Untracked 
| 191|0x000000070dd00000, 0x000000070dd00000, 0x000000070de00000|  0%| F|  |TAMS 0x000000070dd00000, 0x000000070dd00000| Untracked 
| 192|0x000000070de00000, 0x000000070de00000, 0x000000070df00000|  0%| F|  |TAMS 0x000000070de00000, 0x000000070de00000| Untracked 
| 193|0x000000070df00000, 0x000000070df00000, 0x000000070e000000|  0%| F|  |TAMS 0x000000070df00000, 0x000000070df00000| Untracked 
| 194|0x000000070e000000, 0x000000070e000000, 0x000000070e100000|  0%| F|  |TAMS 0x000000070e000000, 0x000000070e000000| Untracked 
| 195|0x000000070e100000, 0x000000070e100000, 0x000000070e200000|  0%| F|  |TAMS 0x000000070e100000, 0x000000070e100000| Untracked 
| 196|0x000000070e200000, 0x000000070e200000, 0x000000070e300000|  0%| F|  |TAMS 0x000000070e200000, 0x000000070e200000| Untracked 
| 197|0x000000070e300000, 0x000000070e300000, 0x000000070e400000|  0%| F|  |TAMS 0x000000070e300000, 0x000000070e300000| Untracked 
| 198|0x000000070e400000, 0x000000070e400000, 0x000000070e500000|  0%| F|  |TAMS 0x000000070e400000, 0x000000070e400000| Untracked 
| 199|0x000000070e500000, 0x000000070e500000, 0x000000070e600000|  0%| F|  |TAMS 0x000000070e500000, 0x000000070e500000| Untracked 
| 200|0x000000070e600000, 0x000000070e600000, 0x000000070e700000|  0%| F|  |TAMS 0x000000070e600000, 0x000000070e600000| Untracked 
| 201|0x000000070e700000, 0x000000070e700000, 0x000000070e800000|  0%| F|  |TAMS 0x000000070e700000, 0x000000070e700000| Untracked 
| 202|0x000000070e800000, 0x000000070e800000, 0x000000070e900000|  0%| F|  |TAMS 0x000000070e800000, 0x000000070e800000| Untracked 
| 203|0x000000070e900000, 0x000000070e900000, 0x000000070ea00000|  0%| F|  |TAMS 0x000000070e900000, 0x000000070e900000| Untracked 
| 204|0x000000070ea00000, 0x000000070ea00000, 0x000000070eb00000|  0%| F|  |TAMS 0x000000070ea00000, 0x000000070ea00000| Untracked 
| 205|0x000000070eb00000, 0x000000070eb00000, 0x000000070ec00000|  0%| F|  |TAMS 0x000000070eb00000, 0x000000070eb00000| Untracked 
| 206|0x000000070ec00000, 0x000000070ec00000, 0x000000070ed00000|  0%| F|  |TAMS 0x000000070ec00000, 0x000000070ec00000| Untracked 
| 207|0x000000070ed00000, 0x000000070ed00000, 0x000000070ee00000|  0%| F|  |TAMS 0x000000070ed00000, 0x000000070ed00000| Untracked 
| 208|0x000000070ee00000, 0x000000070ee00000, 0x000000070ef00000|  0%| F|  |TAMS 0x000000070ee00000, 0x000000070ee00000| Untracked 
| 209|0x000000070ef00000, 0x000000070ef00000, 0x000000070f000000|  0%| F|  |TAMS 0x000000070ef00000, 0x000000070ef00000| Untracked 
| 210|0x000000070f000000, 0x000000070f000000, 0x000000070f100000|  0%| F|  |TAMS 0x000000070f000000, 0x000000070f000000| Untracked 
| 211|0x000000070f100000, 0x000000070f100000, 0x000000070f200000|  0%| F|  |TAMS 0x000000070f100000, 0x000000070f100000| Untracked 
| 212|0x000000070f200000, 0x000000070f200000, 0x000000070f300000|  0%| F|  |TAMS 0x000000070f200000, 0x000000070f200000| Untracked 
| 213|0x000000070f300000, 0x000000070f300000, 0x000000070f400000|  0%| F|  |TAMS 0x000000070f300000, 0x000000070f300000| Untracked 
| 214|0x000000070f400000, 0x000000070f400000, 0x000000070f500000|  0%| F|  |TAMS 0x000000070f400000, 0x000000070f400000| Untracked 
| 215|0x000000070f500000, 0x000000070f500000, 0x000000070f600000|  0%| F|  |TAMS 0x000000070f500000, 0x000000070f500000| Untracked 
| 216|0x000000070f600000, 0x000000070f600000, 0x000000070f700000|  0%| F|  |TAMS 0x000000070f600000, 0x000000070f600000| Untracked 
| 217|0x000000070f700000, 0x000000070f700000, 0x000000070f800000|  0%| F|  |TAMS 0x000000070f700000, 0x000000070f700000| Untracked 
| 218|0x000000070f800000, 0x000000070f800000, 0x000000070f900000|  0%| F|  |TAMS 0x000000070f800000, 0x000000070f800000| Untracked 
| 219|0x000000070f900000, 0x000000070f900000, 0x000000070fa00000|  0%| F|  |TAMS 0x000000070f900000, 0x000000070f900000| Untracked 
| 220|0x000000070fa00000, 0x000000070fa00000, 0x000000070fb00000|  0%| F|  |TAMS 0x000000070fa00000, 0x000000070fa00000| Untracked 
| 221|0x000000070fb00000, 0x000000070fb00000, 0x000000070fc00000|  0%| F|  |TAMS 0x000000070fb00000, 0x000000070fb00000| Untracked 
| 222|0x000000070fc00000, 0x000000070fc00000, 0x000000070fd00000|  0%| F|  |TAMS 0x000000070fc00000, 0x000000070fc00000| Untracked 
| 223|0x000000070fd00000, 0x000000070fd00000, 0x000000070fe00000|  0%| F|  |TAMS 0x000000070fd00000, 0x000000070fd00000| Untracked 
| 224|0x000000070fe00000, 0x000000070fe00000, 0x000000070ff00000|  0%| F|  |TAMS 0x000000070fe00000, 0x000000070fe00000| Untracked 
| 225|0x000000070ff00000, 0x000000070ff00000, 0x0000000710000000|  0%| F|  |TAMS 0x000000070ff00000, 0x000000070ff00000| Untracked 
| 226|0x0000000710000000, 0x0000000710000000, 0x0000000710100000|  0%| F|  |TAMS 0x0000000710000000, 0x0000000710000000| Untracked 
| 227|0x0000000710100000, 0x0000000710100000, 0x0000000710200000|  0%| F|  |TAMS 0x0000000710100000, 0x0000000710100000| Untracked 
| 228|0x0000000710200000, 0x0000000710200000, 0x0000000710300000|  0%| F|  |TAMS 0x0000000710200000, 0x0000000710200000| Untracked 
| 229|0x0000000710300000, 0x00000007103287b8, 0x0000000710400000| 15%| S|CS|TAMS 0x0000000710300000, 0x0000000710300000| Complete 
| 230|0x0000000710400000, 0x0000000710500000, 0x0000000710500000|100%| S|CS|TAMS 0x0000000710400000, 0x0000000710400000| Complete 
| 231|0x0000000710500000, 0x0000000710600000, 0x0000000710600000|100%| S|CS|TAMS 0x0000000710500000, 0x0000000710500000| Complete 
| 232|0x0000000710600000, 0x0000000710600000, 0x0000000710700000|  0%| F|  |TAMS 0x0000000710600000, 0x0000000710600000| Untracked 
| 233|0x0000000710700000, 0x0000000710700000, 0x0000000710800000|  0%| F|  |TAMS 0x0000000710700000, 0x0000000710700000| Untracked 
| 234|0x0000000710800000, 0x0000000710800000, 0x0000000710900000|  0%| F|  |TAMS 0x0000000710800000, 0x0000000710800000| Untracked 
| 235|0x0000000710900000, 0x0000000710900000, 0x0000000710a00000|  0%| F|  |TAMS 0x0000000710900000, 0x0000000710900000| Untracked 
| 236|0x0000000710a00000, 0x0000000710a00000, 0x0000000710b00000|  0%| F|  |TAMS 0x0000000710a00000, 0x0000000710a00000| Untracked 
| 237|0x0000000710b00000, 0x0000000710b00000, 0x0000000710c00000|  0%| F|  |TAMS 0x0000000710b00000, 0x0000000710b00000| Untracked 
| 238|0x0000000710c00000, 0x0000000710c00000, 0x0000000710d00000|  0%| F|  |TAMS 0x0000000710c00000, 0x0000000710c00000| Untracked 
| 239|0x0000000710d00000, 0x0000000710d00000, 0x0000000710e00000|  0%| F|  |TAMS 0x0000000710d00000, 0x0000000710d00000| Untracked 
| 240|0x0000000710e00000, 0x0000000710e00000, 0x0000000710f00000|  0%| F|  |TAMS 0x0000000710e00000, 0x0000000710e00000| Untracked 
| 241|0x0000000710f00000, 0x0000000710f00000, 0x0000000711000000|  0%| F|  |TAMS 0x0000000710f00000, 0x0000000710f00000| Untracked 
| 242|0x0000000711000000, 0x0000000711000000, 0x0000000711100000|  0%| F|  |TAMS 0x0000000711000000, 0x0000000711000000| Untracked 
| 243|0x0000000711100000, 0x0000000711100000, 0x0000000711200000|  0%| F|  |TAMS 0x0000000711100000, 0x0000000711100000| Untracked 
| 244|0x0000000711200000, 0x0000000711200000, 0x0000000711300000|  0%| F|  |TAMS 0x0000000711200000, 0x0000000711200000| Untracked 
| 245|0x0000000711300000, 0x0000000711300000, 0x0000000711400000|  0%| F|  |TAMS 0x0000000711300000, 0x0000000711300000| Untracked 
| 246|0x0000000711400000, 0x0000000711400000, 0x0000000711500000|  0%| F|  |TAMS 0x0000000711400000, 0x0000000711400000| Untracked 
| 247|0x0000000711500000, 0x0000000711500000, 0x0000000711600000|  0%| F|  |TAMS 0x0000000711500000, 0x0000000711500000| Untracked 
| 248|0x0000000711600000, 0x0000000711600000, 0x0000000711700000|  0%| F|  |TAMS 0x0000000711600000, 0x0000000711600000| Untracked 
| 249|0x0000000711700000, 0x0000000711700000, 0x0000000711800000|  0%| F|  |TAMS 0x0000000711700000, 0x0000000711700000| Untracked 
| 250|0x0000000711800000, 0x0000000711880800, 0x0000000711900000| 50%| E|  |TAMS 0x0000000711800000, 0x0000000711800000| Complete 
| 251|0x0000000711900000, 0x0000000711a00000, 0x0000000711a00000|100%| E|CS|TAMS 0x0000000711900000, 0x0000000711900000| Complete 
| 252|0x0000000711a00000, 0x0000000711b00000, 0x0000000711b00000|100%| E|CS|TAMS 0x0000000711a00000, 0x0000000711a00000| Complete 
| 253|0x0000000711b00000, 0x0000000711c00000, 0x0000000711c00000|100%| E|CS|TAMS 0x0000000711b00000, 0x0000000711b00000| Complete 
| 254|0x0000000711c00000, 0x0000000711d00000, 0x0000000711d00000|100%| E|CS|TAMS 0x0000000711c00000, 0x0000000711c00000| Complete 
| 255|0x0000000711d00000, 0x0000000711e00000, 0x0000000711e00000|100%| E|CS|TAMS 0x0000000711d00000, 0x0000000711d00000| Complete 

Card table byte_map: [0x000002b6b47f0000,0x000002b6b4ff0000] _byte_map_base: 0x000002b6b0fe1000

Marking Bits (Prev, Next): (CMBitMap*) 0x000002b69c9170e8, (CMBitMap*) 0x000002b69c917128
 Prev Bits: [0x000002b6b57f0000, 0x000002b6b9778000)
 Next Bits: [0x000002b6b9780000, 0x000002b6bd708000)

Polling page: 0x000002b69a850000

Metaspace:

Usage:
  Non-class:      6.25 MB capacity,     5.42 MB ( 87%) used,   810.14 KB ( 13%) free+waste,    39.38 KB ( <1%) overhead. 
      Class:    901.00 KB capacity,   721.91 KB ( 80%) used,   158.71 KB ( 18%) free+waste,    20.38 KB (  2%) overhead. 
       Both:      7.13 MB capacity,     6.12 MB ( 86%) used,   968.85 KB ( 13%) free+waste,    59.75 KB ( <1%) overhead. 

Virtual space:
  Non-class space:        8.00 MB reserved,       6.25 MB ( 78%) committed 
      Class space:        1.00 GB reserved,       1.00 MB ( <1%) committed 
             Both:        1.01 GB reserved,       7.25 MB ( <1%) committed 

Chunk freelists:
   Non-Class:  128 bytes
       Class:  0 bytes
        Both:  128 bytes

CodeHeap 'non-profiled nmethods': size=120000Kb used=422Kb max_used=550Kb free=119578Kb
 bounds [0x000002b6ac790000, 0x000002b6aca00000, 0x000002b6b3cc0000]
CodeHeap 'profiled nmethods': size=120000Kb used=2706Kb max_used=2887Kb free=117293Kb
 bounds [0x000002b6a5260000, 0x000002b6a5580000, 0x000002b6ac790000]
CodeHeap 'non-nmethods': size=5760Kb used=1180Kb max_used=1251Kb free=4579Kb
 bounds [0x000002b6a4cc0000, 0x000002b6a4f30000, 0x000002b6a5260000]
 total_blobs=1839 nmethods=1050 adapters=307
 compilation: enabled
              stopped_count=0, restarted_count=0
 full_count=0

Compilation events (10 events):
Event: 100.776 Thread 0x000002b6c02a4000 1182       4       org.eclipse.jdt.launching.internal.org.objectweb.asm.Label::addLineNumber (89 bytes)
Event: 100.776 Thread 0x000002b6c02a4000 nmethod 1182 0x000002b6ac819710 code [0x000002b6ac8198a0, 0x000002b6ac819938]
Event: 145.471 Thread 0x000002b6c0b3a000 1183 %     3       org.eclipse.jdt.launching.internal.org.objectweb.asm.ClassReader::readCode @ 1541 (5089 bytes)
Event: 145.508 Thread 0x000002b6c0b3a000 nmethod 1183% 0x000002b6a550fd10 code [0x000002b6a55112a0, 0x000002b6a5526150]
Event: 212.128 Thread 0x000002b6c02a4000 1184       4       org.eclipse.jdt.launching.internal.org.objectweb.asm.MethodWriter::visitMethodInsn (191 bytes)
Event: 212.168 Thread 0x000002b6c02a4000 nmethod 1184 0x000002b6ac816290 code [0x000002b6ac816520, 0x000002b6ac8181f0]
Event: 485.479 Thread 0x000002b6c0b3a000 1185 %     3       org.eclipse.jdt.launching.internal.org.objectweb.asm.ClassReader::readCode @ 2165 (5089 bytes)
Event: 485.518 Thread 0x000002b6c0b3a000 nmethod 1185% 0x000002b6a5531f10 code [0x000002b6a55334a0, 0x000002b6a55481f0]
Event: 582.389 Thread 0x000002b6c0b3a000 1186 %     3       org.eclipse.jdt.launching.internal.org.objectweb.asm.ClassReader::readCode @ 71 (5089 bytes)
Event: 582.427 Thread 0x000002b6c0b3a000 nmethod 1186% 0x000002b6a5554310 code [0x000002b6a55558c0, 0x000002b6a556a8b0]

GC Heap History (2 events):
Event: 0.765 GC heap before
{Heap before GC invocations=0 (full 0):
 garbage-first heap   total 262144K, used 23552K [0x0000000701e00000, 0x0000000800000000)
  region size 1024K, 24 young (24576K), 0 survivors (0K)
 Metaspace       used 5618K, capacity 6715K, committed 7040K, reserved 1056768K
  class space    used 614K, capacity 771K, committed 896K, reserved 1048576K
}
Event: 0.768 GC heap after
{Heap after GC invocations=1 (full 0):
 garbage-first heap   total 262144K, used 2209K [0x0000000701e00000, 0x0000000800000000)
  region size 1024K, 3 young (3072K), 3 survivors (3072K)
 Metaspace       used 5618K, capacity 6715K, committed 7040K, reserved 1056768K
  class space    used 614K, capacity 771K, committed 896K, reserved 1048576K
}

Deoptimization events (10 events):
Event: 0.559 Thread 0x000002b69c8b5000 Uncommon trap: reason=unstable_fused_if action=reinterpret pc=0x000002b6ac7c8700 method=org.eclipse.jdt.launching.internal.org.objectweb.asm.ByteVector.putUTF8(Ljava/lang/String;)Lorg/eclipse/jdt/launching/internal/org/objectweb/asm/ByteVector; @ 93 c2
Event: 0.560 Thread 0x000002b69c8b5000 Uncommon trap: reason=unstable_if action=reinterpret pc=0x000002b6ac7ba450 method=org.eclipse.jdt.launching.internal.org.objectweb.asm.ClassReader.readUtf(II[C)Ljava/lang/String; @ 41 c2
Event: 0.560 Thread 0x000002b69c8b5000 Uncommon trap: reason=unstable_if action=reinterpret pc=0x000002b6ac7a298c method=java.lang.String.isLatin1()Z @ 10 c2
Event: 0.560 Thread 0x000002b69c8b5000 Uncommon trap: reason=unstable_fused_if action=reinterpret pc=0x000002b6ac7b71ac method=org.eclipse.jdt.launching.internal.org.objectweb.asm.ByteVector.putUTF8(Ljava/lang/String;)Lorg/eclipse/jdt/launching/internal/org/objectweb/asm/ByteVector; @ 93 c2
Event: 0.665 Thread 0x000002b69c8b5000 Uncommon trap: reason=bimorphic_or_optimized_type_check action=maybe_recompile pc=0x000002b6ac7e2dfc method=java.util.HashMap.putVal(ILjava/lang/Object;Ljava/lang/Object;ZZ)Ljava/lang/Object; @ 91 c2
Event: 0.665 Thread 0x000002b69c8b5000 Uncommon trap: reason=bimorphic_or_optimized_type_check action=maybe_recompile pc=0x000002b6ac7e2dfc method=java.util.HashMap.putVal(ILjava/lang/Object;Ljava/lang/Object;ZZ)Ljava/lang/Object; @ 91 c2
Event: 0.670 Thread 0x000002b69c8b5000 Uncommon trap: reason=bimorphic_or_optimized_type_check action=maybe_recompile pc=0x000002b6ac7e2dfc method=java.util.HashMap.putVal(ILjava/lang/Object;Ljava/lang/Object;ZZ)Ljava/lang/Object; @ 91 c2
Event: 0.671 Thread 0x000002b69c8b5000 Uncommon trap: reason=bimorphic_or_optimized_type_check action=maybe_recompile pc=0x000002b6ac7e2dfc method=java.util.HashMap.putVal(ILjava/lang/Object;Ljava/lang/Object;ZZ)Ljava/lang/Object; @ 91 c2
Event: 0.841 Thread 0x000002b69c8b5000 Uncommon trap: reason=unstable_if action=reinterpret pc=0x000002b6ac7a26e4 method=java.lang.CharacterData.of(I)Ljava/lang/CharacterData; @ 4 c2
Event: 64.622 Thread 0x000002b6c0dcf800 Uncommon trap: reason=unstable_if action=reinterpret pc=0x000002b6ac80adf4 method=org.eclipse.jdt.launching.internal.org.objectweb.asm.ClassReader.readCode(Lorg/eclipse/jdt/launching/internal/org/objectweb/asm/MethodVisitor;Lorg/eclipse/jdt/launching/inte

Classes redefined (10 events):
Event: 64.629 Thread 0x000002b6c027c800 redefined class name=com.gildedrose.GildedRose, count=1
Event: 123.504 Thread 0x000002b6c027c800 redefined class name=com.gildedrose.GildedRoseTest, count=1
Event: 145.477 Thread 0x000002b6c027c800 redefined class name=com.gildedrose.GildedRose, count=2
Event: 212.135 Thread 0x000002b6c027c800 redefined class name=com.gildedrose.GildedRoseTest, count=2
Event: 310.868 Thread 0x000002b6c027c800 redefined class name=com.gildedrose.GildedRose, count=3
Event: 485.487 Thread 0x000002b6c027c800 redefined class name=com.gildedrose.GildedRose, count=4
Event: 515.291 Thread 0x000002b6c027c800 redefined class name=com.gildedrose.GildedRose, count=5
Event: 562.086 Thread 0x000002b6c027c800 redefined class name=com.gildedrose.GildedRose, count=6
Event: 579.841 Thread 0x000002b6c027c800 redefined class name=com.gildedrose.GildedRoseTest, count=3
Event: 582.396 Thread 0x000002b6c027c800 redefined class name=com.gildedrose.GildedRoseTest, count=4

Internal exceptions (10 events):
Event: 0.714 Thread 0x000002b69c8b5000 Exception <a 'java/lang/NoSuchMethodError'{0x0000000710858798}: java.lang.invoke.DirectMethodHandle$Holder.invokeSpecial(Ljava/lang/Object;Ljava/lang/Object;Ljava/lang/Object;Ljava/lang/Object;Ljava/lang/Object;)V> (0x0000000710858798) thrown at [t:/works
Event: 0.717 Thread 0x000002b69c8b5000 Exception <a 'java/lang/NoSuchMethodError'{0x0000000710870e40}: java.lang.invoke.DirectMethodHandle$Holder.invokeStatic(Ljava/lang/Object;Ljava/lang/Object;Ljava/lang/Object;Ljava/lang/Object;)V> (0x0000000710870e40) thrown at [t:/workspace/open/src/hotsp
Event: 0.727 Thread 0x000002b69c8b5000 Exception <a 'java/lang/NoSuchMethodError'{0x00000007108cc568}: java.lang.invoke.DirectMethodHandle$Holder.invokeVirtual(Ljava/lang/Object;Ljava/lang/Object;Ljava/lang/Object;)Ljava/lang/Object;> (0x00000007108cc568) thrown at [t:/workspace/open/src/hotsp
Event: 0.736 Thread 0x000002b69c8b5000 Exception <a 'java/lang/NoSuchMethodError'{0x0000000710753d18}: java.lang.invoke.DirectMethodHandle$Holder.invokeInterface(Ljava/lang/Object;Ljava/lang/Object;Ljava/lang/Object;Ljava/lang/Object;)V> (0x0000000710753d18) thrown at [t:/workspace/open/src/ho
Event: 0.737 Thread 0x000002b69c8b5000 Exception <a 'java/lang/IncompatibleClassChangeError'{0x0000000710756740}: Found class java.lang.Object, but interface was expected> (0x0000000710756740) thrown at [t:/workspace/open/src/hotspot/share/interpreter/linkResolver.cpp, line 843]
Event: 0.772 Thread 0x000002b69c8b5000 Exception <a 'java/lang/NoSuchMethodError'{0x0000000711d2b3e0}: java.lang.invoke.DirectMethodHandle$Holder.invokeSpecial(Ljava/lang/Object;Ljava/lang/Object;)V> (0x0000000711d2b3e0) thrown at [t:/workspace/open/src/hotspot/share/interpreter/linkResolver.c
Event: 0.794 Thread 0x000002b69c8b5000 Exception <a 'java/lang/NoSuchMethodError'{0x0000000711b76a00}: java.lang.invoke.DirectMethodHandle$Holder.invokeStaticInit(Ljava/lang/Object;Ljava/lang/Object;Ljava/lang/Object;)I> (0x0000000711b76a00) thrown at [t:/workspace/open/src/hotspot/share/inter
Event: 0.814 Thread 0x000002b69c8b5000 Exception <a 'java/lang/NoSuchMethodError'{0x0000000711a51c48}: java.lang.invoke.DirectMethodHandle$Holder.invokeStaticInit(Ljava/lang/Object;Ljava/lang/Object;)I> (0x0000000711a51c48) thrown at [t:/workspace/open/src/hotspot/share/interpreter/linkResolve
Event: 0.823 Thread 0x000002b69c8b5000 Exception <a 'java/lang/NoSuchMethodError'{0x0000000711ac11b0}: java.lang.invoke.DirectMethodHandle$Holder.invokeInterface(Ljava/lang/Object;Ljava/lang/Object;Ljava/lang/Object;Ljava/lang/Object;Ljava/lang/Object;)Ljava/lang/Object;> (0x0000000711ac11b0) 
Event: 0.824 Thread 0x000002b69c8b5000 Exception <a 'java/lang/IncompatibleClassChangeError'{0x0000000711ac44b8}: Found class java.lang.Object, but interface was expected> (0x0000000711ac44b8) thrown at [t:/workspace/open/src/hotspot/share/interpreter/linkResolver.cpp, line 843]

Events (10 events):
Event: 585.515 Executing VM operation: GetFrameLocation done
Event: 585.516 Executing VM operation: GetOrSetLocal
Event: 585.516 Executing VM operation: GetOrSetLocal done
Event: 585.516 Executing VM operation: GetFrameLocation
Event: 585.516 Executing VM operation: GetFrameLocation done
Event: 585.517 Executing VM operation: GetOrSetLocal
Event: 585.517 Executing VM operation: GetOrSetLocal done
Event: 586.554 Executing VM operation: GetFrameLocation
Event: 586.554 Executing VM operation: GetFrameLocation done
Event: 586.554 Executing VM operation: GetOrSetLocal


Dynamic libraries:
0x00007ff7bcd30000 - 0x00007ff7bcd3f000 	C:\Program Files\Java\jdk-12.0.2\bin\javaw.exe
0x00007ffb97150000 - 0x00007ffb97345000 	C:\WINDOWS\SYSTEM32\ntdll.dll
0x00007ffb957f0000 - 0x00007ffb958ad000 	C:\WINDOWS\System32\KERNEL32.DLL
0x00007ffb94eb0000 - 0x00007ffb95179000 	C:\WINDOWS\System32\KERNELBASE.dll
0x00007ffb94d00000 - 0x00007ffb94e00000 	C:\WINDOWS\System32\ucrtbase.dll
0x00007ffb65010000 - 0x00007ffb65028000 	C:\Program Files\Java\jdk-12.0.2\bin\jli.dll
0x00007ffb65030000 - 0x00007ffb65046000 	C:\Program Files\Java\jdk-12.0.2\bin\VCRUNTIME140.dll
0x00007ffb966c0000 - 0x00007ffb9676c000 	C:\WINDOWS\System32\ADVAPI32.dll
0x00007ffb95630000 - 0x00007ffb956ce000 	C:\WINDOWS\System32\msvcrt.dll
0x00007ffb95d70000 - 0x00007ffb95e0b000 	C:\WINDOWS\System32\sechost.dll
0x00007ffb96590000 - 0x00007ffb966ba000 	C:\WINDOWS\System32\RPCRT4.dll
0x00007ffb962c0000 - 0x00007ffb96460000 	C:\WINDOWS\System32\USER32.dll
0x00007ffb94ba0000 - 0x00007ffb94bc2000 	C:\WINDOWS\System32\win32u.dll
0x00007ffb83cf0000 - 0x00007ffb83f8a000 	C:\WINDOWS\WinSxS\amd64_microsoft.windows.common-controls_6595b64144ccf1df_6.0.19041.1110_none_60b5254171f9507e\COMCTL32.dll
0x00007ffb95920000 - 0x00007ffb9594a000 	C:\WINDOWS\System32\GDI32.dll
0x00007ffb94a30000 - 0x00007ffb94b3b000 	C:\WINDOWS\System32\gdi32full.dll
0x00007ffb94bd0000 - 0x00007ffb94c6d000 	C:\WINDOWS\System32\msvcp_win.dll
0x00007ffb8ddf0000 - 0x00007ffb8ddfa000 	C:\WINDOWS\SYSTEM32\VERSION.dll
0x00007ffb96ed0000 - 0x00007ffb96f00000 	C:\WINDOWS\System32\IMM32.DLL
0x00007ffb5df60000 - 0x00007ffb5e00a000 	C:\Program Files\Java\jdk-12.0.2\bin\msvcp140.dll
0x00007ffb4add0000 - 0x00007ffb4b947000 	C:\Program Files\Java\jdk-12.0.2\bin\server\jvm.dll
0x00007ffb962b0000 - 0x00007ffb962b8000 	C:\WINDOWS\System32\PSAPI.DLL
0x00007ffb841b0000 - 0x00007ffb841d7000 	C:\WINDOWS\SYSTEM32\WINMM.dll
0x00007ffb90330000 - 0x00007ffb90339000 	C:\WINDOWS\SYSTEM32\WSOCK32.dll
0x00007ffb95e10000 - 0x00007ffb95e7b000 	C:\WINDOWS\System32\WS2_32.dll
0x00007ffb93120000 - 0x00007ffb93132000 	C:\WINDOWS\SYSTEM32\kernel.appcore.dll
0x00007ffb8dd10000 - 0x00007ffb8dd21000 	C:\Program Files\Java\jdk-12.0.2\bin\verify.dll
0x00007ffb92eb0000 - 0x00007ffb93094000 	C:\WINDOWS\SYSTEM32\DBGHELP.DLL
0x00007ffb7deb0000 - 0x00007ffb7dedc000 	C:\WINDOWS\SYSTEM32\dbgcore.DLL
0x00007ffb94c70000 - 0x00007ffb94cf3000 	C:\WINDOWS\System32\bcryptPrimitives.dll
0x00007ffb64c70000 - 0x00007ffb64c96000 	C:\Program Files\Java\jdk-12.0.2\bin\java.dll
0x00007ffb60e50000 - 0x00007ffb60e88000 	C:\Program Files\Java\jdk-12.0.2\bin\jdwp.dll
0x00007ffb8f570000 - 0x00007ffb8f57e000 	C:\Program Files\Java\jdk-12.0.2\bin\instrument.dll
0x00007ffb8d0b0000 - 0x00007ffb8d0c7000 	C:\Program Files\Java\jdk-12.0.2\bin\zip.dll
0x00007ffb8f990000 - 0x00007ffb8f99a000 	C:\Program Files\Java\jdk-12.0.2\bin\jimage.dll
0x00007ffb96770000 - 0x00007ffb96eaf000 	C:\WINDOWS\System32\SHELL32.dll
0x00007ffb925f0000 - 0x00007ffb92d80000 	C:\WINDOWS\SYSTEM32\windows.storage.dll
0x00007ffb95a10000 - 0x00007ffb95d65000 	C:\WINDOWS\System32\combase.dll
0x00007ffb942e0000 - 0x00007ffb9430c000 	C:\WINDOWS\SYSTEM32\Wldp.dll
0x00007ffb95ff0000 - 0x00007ffb9609e000 	C:\WINDOWS\System32\SHCORE.dll
0x00007ffb958b0000 - 0x00007ffb95905000 	C:\WINDOWS\System32\shlwapi.dll
0x00007ffb947c0000 - 0x00007ffb947df000 	C:\WINDOWS\SYSTEM32\profapi.dll
0x00007ffb8ee40000 - 0x00007ffb8ee4a000 	C:\Program Files\Java\jdk-12.0.2\bin\dt_socket.dll
0x00007ffb94040000 - 0x00007ffb940aa000 	C:\WINDOWS\System32\mswsock.dll
0x00007ffb93d30000 - 0x00007ffb93dfc000 	C:\WINDOWS\SYSTEM32\DNSAPI.dll
0x00007ffb93cc0000 - 0x00007ffb93cfb000 	C:\WINDOWS\SYSTEM32\IPHLPAPI.DLL
0x00007ffb95a00000 - 0x00007ffb95a08000 	C:\WINDOWS\System32\NSI.dll
0x00007ffb86810000 - 0x00007ffb8688f000 	C:\WINDOWS\System32\fwpuclnt.dll
0x00007ffb95180000 - 0x00007ffb951a7000 	C:\WINDOWS\System32\bcrypt.dll
0x00007ffb857f0000 - 0x00007ffb857fa000 	C:\Windows\System32\rasadhlp.dll
0x00007ffb81ab0000 - 0x00007ffb81ac9000 	C:\Program Files\Java\jdk-12.0.2\bin\net.dll
0x00007ffb85c50000 - 0x00007ffb85d58000 	C:\WINDOWS\SYSTEM32\WINHTTP.dll
0x00007ffb849c0000 - 0x00007ffb84bac000 	C:\WINDOWS\SYSTEM32\urlmon.dll
0x00007ffb846c0000 - 0x00007ffb84970000 	C:\WINDOWS\SYSTEM32\iertutil.dll
0x00007ffb84970000 - 0x00007ffb84998000 	C:\WINDOWS\SYSTEM32\srvcli.dll
0x00007ffb93d20000 - 0x00007ffb93d2c000 	C:\WINDOWS\SYSTEM32\netutils.dll
0x00007ffb7fa10000 - 0x00007ffb7fa23000 	C:\Program Files\Java\jdk-12.0.2\bin\nio.dll

dbghelp: loaded successfully - version: 4.0.5 - missing functions: none
symbol engine: initialized successfully - sym options: 0x614 - pdb path: .;C:\Program Files\Java\jdk-12.0.2\bin;C:\WINDOWS\SYSTEM32;C:\WINDOWS\WinSxS\amd64_microsoft.windows.common-controls_6595b64144ccf1df_6.0.19041.1110_none_60b5254171f9507e;C:\Program Files\Java\jdk-12.0.2\bin\server

VM Arguments:
jvm_args: -agentlib:jdwp=transport=dt_socket,suspend=y,address=localhost:55192 -ea -javaagent:D:\java-2019-09\eclipse\configuration\org.eclipse.osgi\229\0\.cp\lib\javaagent-shaded.jar -Dfile.encoding=Cp1252 
java_command: org.eclipse.jdt.internal.junit.runner.RemoteTestRunner -version 3 -port 55191 -testLoaderClass org.eclipse.jdt.internal.junit5.runner.JUnit5TestLoader -loaderpluginname org.eclipse.jdt.junit5.runtime -classNames com.gildedrose.GildedRoseTest
java_class_path (initial): D:\gildedRose\GildedRose-Refactoring-Kata\Java\target\test-classes;D:\gildedRose\GildedRose-Refactoring-Kata\Java\target\classes;C:\Users\Emmeran\.m2\repository\org\junit\jupiter\junit-jupiter\5.6.2\junit-jupiter-5.6.2.jar;C:\Users\Emmeran\.m2\repository\org\junit\jupiter\junit-jupiter-api\5.6.2\junit-jupiter-api-5.6.2.jar;C:\Users\Emmeran\.m2\repository\org\apiguardian\apiguardian-api\1.1.0\apiguardian-api-1.1.0.jar;C:\Users\Emmeran\.m2\repository\org\opentest4j\opentest4j\1.2.0\opentest4j-1.2.0.jar;C:\Users\Emmeran\.m2\repository\org\junit\platform\junit-platform-commons\1.6.2\junit-platform-commons-1.6.2.jar;C:\Users\Emmeran\.m2\repository\org\junit\jupiter\junit-jupiter-params\5.6.2\junit-jupiter-params-5.6.2.jar;C:\Users\Emmeran\.m2\repository\org\junit\jupiter\junit-jupiter-engine\5.6.2\junit-jupiter-engine-5.6.2.jar;C:\Users\Emmeran\.m2\repository\org\junit\platform\junit-platform-engine\1.6.2\junit-platform-engine-1.6.2.jar;D:\java-2019-09\eclipse\configuration\org.eclipse.osgi\228\0\.cp;D:\java-2019-09\eclipse\configuration\org.eclipse.osgi\226\0\.cp;D:\java-2019-09\eclipse\configuration\org.eclipse.osgi\468\0\.cp
Launcher Type: SUN_STANDARD

[Global flags]
     intx CICompilerCount                          = 4                                         {product} {ergonomic}
     uint ConcGCThreads                            = 2                                         {product} {ergonomic}
     uint G1ConcRefinementThreads                  = 8                                         {product} {ergonomic}
   size_t G1HeapRegionSize                         = 1048576                                   {product} {ergonomic}
    uintx GCDrainStackTargetSize                   = 64                                        {product} {ergonomic}
   size_t InitialHeapSize                          = 268435456                                 {product} {ergonomic}
   size_t MarkStackSize                            = 4194304                                   {product} {ergonomic}
   size_t MaxHeapSize                              = 4263510016                                {product} {ergonomic}
   size_t MaxNewSize                               = 2557476864                                {product} {ergonomic}
   size_t MinHeapDeltaBytes                        = 1048576                                   {product} {ergonomic}
    uintx NonNMethodCodeHeapSize                   = 5836300                                {pd product} {ergonomic}
    uintx NonProfiledCodeHeapSize                  = 122910970                              {pd product} {ergonomic}
    uintx ProfiledCodeHeapSize                     = 122910970                              {pd product} {ergonomic}
    uintx ReservedCodeCacheSize                    = 251658240                              {pd product} {ergonomic}
     bool SegmentedCodeCache                       = true                                      {product} {ergonomic}
     bool UseCompressedClassPointers               = true                                 {lp64_product} {ergonomic}
     bool UseCompressedOops                        = true                                 {lp64_product} {ergonomic}
     bool UseG1GC                                  = true                                      {product} {ergonomic}
     bool UseLargePagesIndividualAllocation        = false                                  {pd product} {ergonomic}

Logging:
Log output configuration:
 #0: stdout all=warning uptime,level,tags
 #1: stderr all=off uptime,level,tags

Environment Variables:
PATH=C:/Program Files/Java/jdk-12.0.2/bin/server;C:/Program Files/Java/jdk-12.0.2/bin;C:\Program Files\AdoptOpenJDK\jdk-16.0.0.36-hotspot\bin;C:\Program Files\AdoptOpenJDK\jdk-11.0.10.9-hotspot\bin;C:\Program Files (x86)\Common Files\Oracle\Java\javapath;C:\Program Files (x86)\Windows Resource Kits\Tools\;C:\Program Files (x86)\Intel\iCLS Client\;C:\Program Files\Intel\iCLS Client\;C:\Windows\system32;C:\Windows;C:\Windows\System32\Wbem;C:\Windows\System32\WindowsPowerShell\v1.0\;C:\Program Files (x86)\NVIDIA Corporation\PhysX\Common;C:\Program Files (x86)\Intel\Intel(R) Management Engine Components\DAL;C:\Program Files\Intel\Intel(R) Management Engine Components\DAL;C:\Program Files (x86)\Intel\Intel(R) Management Engine Components\IPT;C:\Program Files\Intel\Intel(R) Management Engine Components\IPT;C:\WINDOWS\system32;C:\WINDOWS;C:\WINDOWS\System32\Wbem;C:\WINDOWS\System32\WindowsPowerShell\v1.0\;C:\WINDOWS\System32\OpenSSH\;C:\Program Files\dotnet\;D:\Visual Code\Microsoft VS Code\bin;C:\Program Files\Microsoft SQL Server\130\Tools\Binn\;C:\Program Files\NVIDIA Corporation\NVIDIA NvDLISR;C:\Program Files\Git\cmd;C:\WINDOWS\system32;C:\WINDOWS;C:\WINDOWS\System32\Wbem;C:\WINDOWS\System32\WindowsPowerShell\v1.0\;C:\WINDOWS\System32\OpenSSH\;C:\Program Files\PuTTY\;D:\Games\downloads\cmake-3.18.0-rc1-win64-x64\cmake-3.18.0-rc1-win64-x64\bin;C:\Program Files\nodejs\;C:\Users\Emmeran\AppData\Local\Programs\Python\Python39\Scripts\;C:\Users\Emmeran\AppData\Local\Programs\Python\Python39\;C:\Program Files (x86)\Common Files\Oracle\Java\javapath;C:\Program Files (x86)\Windows Resource Kits\Tools\;C:\Program Files (x86)\Intel\iCLS Client\;C:\Program Files\Intel\iCLS Client\;C:\Windows\system32;C:\Windows;C:\Windows\System32\Wbem;C:\Windows\System32\WindowsPowerShell\v1.0\;C:\Program Files (x86)\NVIDIA Corporation\PhysX\Common;C:\Program Files (x86)\Intel\Intel(R) Management Engine Components\DAL;C:\Program Files\Intel\Intel(R) Management Engine Components\DAL;C:\Program File
USERNAME=Emmeran
OS=Windows_NT
PROCESSOR_IDENTIFIER=Intel64 Family 6 Model 158 Stepping 9, GenuineIntel



---------------  S Y S T E M  ---------------

OS: Windows 10 , 64 bit Build 19041 (10.0.19041.1151)

CPU:total 8 (initial active 8) (4 cores per cpu, 2 threads per core) family 6 model 158 stepping 9, cmov, cx8, fxsr, mmx, sse, sse2, sse3, ssse3, sse4.1, sse4.2, popcnt, avx, avx2, aes, clmul, erms, 3dnowpref, lzcnt, ht, tsc, tscinvbit, bmi1, bmi2, adx, fma

Memory: 4k page, system-wide physical 16259M (2789M free)
TotalPageFile size 30857M (AvailPageFile size 8155M)
current process WorkingSet (physical memory assigned to process): 77M, peak: 122M
current process commit charge ("private bytes"): 363M, peak: 410M

vm_info: Java HotSpot(TM) 64-Bit Server VM (12.0.2+10) for windows-amd64 JRE (12.0.2+10), built on Jul 16 2019 01:56:17 by "mach5one" with MS VC++ 15.5 (VS2017)

END.
